[    0.000000] Linux version 4.15.0-204-generic (buildd@lcy02-amd64-030) (gcc version 7.5.0 (Ubuntu 7.5.0-3ubuntu1~18.04)) #215-Ubuntu SMP Fri Jan 20 18:24:59 UTC 2023 (Ubuntu 4.15.0-204.215-generic 4.15.18)
[    0.000000] Command line: BOOT_IMAGE=/boot/vmlinuz-4.15.0-204-generic root=LABEL=cloudimg-rootfs ro console=tty1 console=ttyS0
[    0.000000] KERNEL supported cpus:
[    0.000000]   Intel GenuineIntel
[    0.000000]   AMD AuthenticAMD
[    0.000000]   Centaur CentaurHauls
[    0.000000] [Firmware Bug]: TSC doesn't count with P0 frequency!
[    0.000000] x86/fpu: x87 FPU will use FXSAVE
[    0.000000] e820: BIOS-provided physical RAM map:
[    0.000000] BIOS-e820: [mem 0x0000000000000000-0x000000000009fbff] usable
[    0.000000] BIOS-e820: [mem 0x000000000009fc00-0x000000000009ffff] reserved
[    0.000000] BIOS-e820: [mem 0x00000000000f0000-0x00000000000fffff] reserved
[    0.000000] BIOS-e820: [mem 0x0000000000100000-0x000000007ffeffff] usable
[    0.000000] BIOS-e820: [mem 0x000000007fff0000-0x000000007fffffff] ACPI data
[    0.000000] BIOS-e820: [mem 0x00000000fec00000-0x00000000fec00fff] reserved
[    0.000000] BIOS-e820: [mem 0x00000000fee00000-0x00000000fee00fff] reserved
[    0.000000] BIOS-e820: [mem 0x00000000fffc0000-0x00000000ffffffff] reserved
[    0.000000] NX (Execute Disable) protection: active
[    0.000000] SMBIOS 2.5 present.
[    0.000000] DMI: innotek GmbH VirtualBox/VirtualBox, BIOS VirtualBox 12/01/2006
[    0.000000] Hypervisor detected: KVM
[    0.000000] e820: last_pfn = 0x7fff0 max_arch_pfn = 0x400000000
[    0.000000] MTRR: Disabled
[    0.000000] x86/PAT: MTRRs disabled, skipping PAT initialization too.
[    0.000000] CPU MTRRs all blank - virtualized system.
[    0.000000] x86/PAT: Configuration [0-7]: WB  WT  UC- UC  WB  WT  UC- UC  
[    0.000000] found SMP MP-table at [mem 0x0009fff0-0x0009ffff]
[    0.000000] Scanning 1 areas for low memory corruption
[    0.000000] RAMDISK: [mem 0x359cb000-0x36cdcfff]
[    0.000000] ACPI: Early table checksum verification disabled
[    0.000000] ACPI: RSDP 0x00000000000E0000 000024 (v02 VBOX  )
[    0.000000] ACPI: XSDT 0x000000007FFF0030 00003C (v01 VBOX   VBOXXSDT 00000001 ASL  00000061)
[    0.000000] ACPI: FACP 0x000000007FFF00F0 0000F4 (v04 VBOX   VBOXFACP 00000001 ASL  00000061)
[    0.000000] ACPI: DSDT 0x000000007FFF0610 002353 (v02 VBOX   VBOXBIOS 00000002 INTL 20100528)
[    0.000000] ACPI: FACS 0x000000007FFF0200 000040
[    0.000000] ACPI: FACS 0x000000007FFF0200 000040
[    0.000000] ACPI: APIC 0x000000007FFF0240 00005C (v02 VBOX   VBOXAPIC 00000001 ASL  00000061)
[    0.000000] ACPI: SSDT 0x000000007FFF02A0 00036C (v01 VBOX   VBOXCPUT 00000002 INTL 20100528)
[    0.000000] ACPI: Reserving FACP table memory at [mem 0x7fff00f0-0x7fff01e3]
[    0.000000] ACPI: Reserving DSDT table memory at [mem 0x7fff0610-0x7fff2962]
[    0.000000] ACPI: Reserving FACS table memory at [mem 0x7fff0200-0x7fff023f]
[    0.000000] ACPI: Reserving FACS table memory at [mem 0x7fff0200-0x7fff023f]
[    0.000000] ACPI: Reserving APIC table memory at [mem 0x7fff0240-0x7fff029b]
[    0.000000] ACPI: Reserving SSDT table memory at [mem 0x7fff02a0-0x7fff060b]
[    0.000000] No NUMA configuration found
[    0.000000] Faking a node at [mem 0x0000000000000000-0x000000007ffeffff]
[    0.000000] NODE_DATA(0) allocated [mem 0x7ffc5000-0x7ffeffff]
[    0.000000] kvm-clock: cpu 0, msr 0:7ff44001, primary cpu clock
[    0.000000] kvm-clock: Using msrs 4b564d01 and 4b564d00
[    0.000000] kvm-clock: using sched offset of 3595429615 cycles
[    0.000000] clocksource: kvm-clock: mask: 0xffffffffffffffff max_cycles: 0x1cd42e4dffb, max_idle_ns: 881590591483 ns
[    0.000000] Zone ranges:
[    0.000000]   DMA      [mem 0x0000000000001000-0x0000000000ffffff]
[    0.000000]   DMA32    [mem 0x0000000001000000-0x000000007ffeffff]
[    0.000000]   Normal   empty
[    0.000000]   Device   empty
[    0.000000] Movable zone start for each node
[    0.000000] Early memory node ranges
[    0.000000]   node   0: [mem 0x0000000000001000-0x000000000009efff]
[    0.000000]   node   0: [mem 0x0000000000100000-0x000000007ffeffff]
[    0.000000] Reserved but unavailable: 104 pages
[    0.000000] Initmem setup node 0 [mem 0x0000000000001000-0x000000007ffeffff]
[    0.000000] ACPI: PM-Timer IO Port: 0x4008
[    0.000000] IOAPIC[0]: apic_id 2, version 32, address 0xfec00000, GSI 0-23
[    0.000000] ACPI: INT_SRC_OVR (bus 0 bus_irq 0 global_irq 2 dfl dfl)
[    0.000000] ACPI: INT_SRC_OVR (bus 0 bus_irq 9 global_irq 9 low level)
[    0.000000] Using ACPI (MADT) for SMP configuration information
[    0.000000] smpboot: Allowing 2 CPUs, 0 hotplug CPUs
[    0.000000] PM: Registered nosave memory: [mem 0x00000000-0x00000fff]
[    0.000000] PM: Registered nosave memory: [mem 0x0009f000-0x0009ffff]
[    0.000000] PM: Registered nosave memory: [mem 0x000a0000-0x000effff]
[    0.000000] PM: Registered nosave memory: [mem 0x000f0000-0x000fffff]
[    0.000000] e820: [mem 0x80000000-0xfebfffff] available for PCI devices
[    0.000000] Booting paravirtualized kernel on KVM
[    0.000000] clocksource: refined-jiffies: mask: 0xffffffff max_cycles: 0xffffffff, max_idle_ns: 7645519600211568 ns
[    0.000000] setup_percpu: NR_CPUS:8192 nr_cpumask_bits:2 nr_cpu_ids:2 nr_node_ids:1
[    0.000000] percpu: Embedded 50 pages/cpu s167936 r8192 d28672 u1048576
[    0.000000] PV qspinlock hash table entries: 256 (order: 0, 4096 bytes)
[    0.000000] Built 1 zonelists, mobility grouping on.  Total pages: 515961
[    0.000000] Policy zone: DMA32
[    0.000000] Kernel command line: BOOT_IMAGE=/boot/vmlinuz-4.15.0-204-generic root=LABEL=cloudimg-rootfs ro console=tty1 console=ttyS0
[    0.000000] Memory: 2014836K/2096696K available (12300K kernel code, 2477K rwdata, 4324K rodata, 2480K init, 2720K bss, 81860K reserved, 0K cma-reserved)
[    0.000000] SLUB: HWalign=64, Order=0-3, MinObjects=0, CPUs=2, Nodes=1
[    0.000000] ftrace: allocating 39488 entries in 155 pages
[    0.004000] Hierarchical RCU implementation.
[    0.004000] 	RCU restricting CPUs from NR_CPUS=8192 to nr_cpu_ids=2.
[    0.004000] 	Tasks RCU enabled.
[    0.004000] RCU: Adjusting geometry for rcu_fanout_leaf=16, nr_cpu_ids=2
[    0.004000] NR_IRQS: 524544, nr_irqs: 440, preallocated irqs: 16
[    0.004000] random: crng init done
[    0.004000] Console: colour VGA+ 80x25
[    0.004000] console [tty1] enabled
[    0.004000] console [ttyS0] enabled
[    0.004000] ACPI: Core revision 20170831
[    0.004000] ACPI: 2 ACPI AML tables successfully acquired and loaded
[    0.004000] APIC: Switch to symmetric I/O mode setup
[    0.004000] ..TIMER: vector=0x30 apic1=0 pin1=2 apic2=-1 pin2=-1
[    0.004000] tsc: Detected 3293.718 MHz processor
[    0.004000] Calibrating delay loop (skipped) preset value.. 6587.43 BogoMIPS (lpj=13174872)
[    0.004000] pid_max: default: 32768 minimum: 301
[    0.004000] Security Framework initialized
[    0.004000] Yama: becoming mindful.
[    0.004000] AppArmor: AppArmor initialized
[    0.004000] Dentry cache hash table entries: 262144 (order: 9, 2097152 bytes)
[    0.004000] Inode-cache hash table entries: 131072 (order: 8, 1048576 bytes)
[    0.004000] Mount-cache hash table entries: 4096 (order: 3, 32768 bytes)
[    0.004111] Mountpoint-cache hash table entries: 4096 (order: 3, 32768 bytes)
[    0.009011] Last level iTLB entries: 4KB 512, 2MB 512, 4MB 256
[    0.012002] Last level dTLB entries: 4KB 2048, 2MB 2048, 4MB 1024, 1GB 0
[    0.016003] Spectre V1 : Mitigation: usercopy/swapgs barriers and __user pointer sanitization
[    0.020003] Spectre V2 : Mitigation: Retpolines
[    0.022629] Spectre V2 : Spectre v2 / SpectreRSB mitigation: Filling RSB on context switch
[    0.024003] Spectre V2 : Spectre v2 / SpectreRSB : Filling RSB on VMEXIT
[    0.028195] Freeing SMP alternatives memory: 36K
[    0.165820] APIC calibration not consistent with PM-Timer: 122ms instead of 100ms
[    0.168000] APIC delta adjusted to PM-Timer: 6386826 (7806347)
[    0.168348] smpboot: CPU0: AMD Ryzen 9 5900HX with Radeon Graphics (family: 0x19, model: 0x50, stepping: 0x0)
[    0.172431] Performance Events: PMU not available due to virtualization, using software events only.
[    0.176115] Hierarchical SRCU implementation.
[    0.180607] NMI watchdog: Perf event create on CPU 0 failed with -2
[    0.184002] NMI watchdog: Perf NMI watchdog permanently disabled
[    0.188318] smp: Bringing up secondary CPUs ...
[    0.192765] x86: Booting SMP configuration:
[    0.196002] .... node  #0, CPUs:      #1
[    0.004000] kvm-clock: cpu 1, msr 0:7ff44041, secondary cpu clock
[    0.204000] TSC synchronization [CPU#0 -> CPU#1]:
[    0.204000] Measured 46662 cycles TSC warp between CPUs, turning off TSC clock.
[    0.204000] tsc: Marking TSC unstable due to check_tsc_sync_source failed
[    0.208005] smp: Brought up 1 node, 2 CPUs
[    0.210415] smpboot: Max logical packages: 1
[    0.212004] smpboot: Total of 2 processors activated (13174.87 BogoMIPS)
[    0.216076] devtmpfs: initialized
[    0.217810] x86/mm: Memory block size: 128MB
[    0.220639] evm: security.selinux
[    0.224003] evm: security.SMACK64
[    0.226303] evm: security.SMACK64EXEC
[    0.228002] evm: security.SMACK64TRANSMUTE
[    0.232002] evm: security.SMACK64MMAP
[    0.236002] evm: security.apparmor
[    0.238013] evm: security.ima
[    0.240002] evm: security.capability
[    0.244256] clocksource: jiffies: mask: 0xffffffff max_cycles: 0xffffffff, max_idle_ns: 7645041785100000 ns
[    0.252007] futex hash table entries: 512 (order: 3, 32768 bytes)
[    0.256357] pinctrl core: initialized pinctrl subsystem
[    0.264152] RTC time: 12:28:24, date: 02/19/23
[    0.268586] NET: Registered protocol family 16
[    0.272000] audit: initializing netlink subsys (disabled)
[    0.276325] audit: type=2000 audit(1676809708.679:1): state=initialized audit_enabled=0 res=1
[    0.280089] cpuidle: using governor ladder
[    0.284131] cpuidle: using governor menu
[    0.288850] ACPI: bus type PCI registered
[    0.292012] acpiphp: ACPI Hot Plug PCI Controller Driver version: 0.5
[    0.296000] PCI: Using configuration type 1 for base access
[    0.296004] PCI: Using configuration type 1 for extended access
[    0.304302] HugeTLB registered 2.00 MiB page size, pre-allocated 0 pages
[    0.312287] ACPI: Added _OSI(Module Device)
[    0.314457] ACPI: Added _OSI(Processor Device)
[    0.316079] ACPI: Added _OSI(3.0 _SCP Extensions)
[    0.320003] ACPI: Added _OSI(Processor Aggregator Device)
[    0.324003] ACPI: Added _OSI(Linux-Dell-Video)
[    0.326458] ACPI: Added _OSI(Linux-Lenovo-NV-HDMI-Audio)
[    0.328004] ACPI: Added _OSI(Linux-HPI-Hybrid-Graphics)
[    0.332479] ACPI: Executed 1 blocks of module-level executable AML code
[    0.339616] ACPI: Interpreter enabled
[    0.340015] ACPI: (supports S0 S5)
[    0.344003] ACPI: Using IOAPIC for interrupt routing
[    0.346570] PCI: Using host bridge windows from ACPI; if necessary, use "pci=nocrs" and report a bug
[    0.348136] ACPI: Enabled 2 GPEs in block 00 to 07
[    0.359144] ACPI: PCI Root Bridge [PCI0] (domain 0000 [bus 00-ff])
[    0.360007] acpi PNP0A03:00: _OSC: OS supports [ExtendedConfig ASPM ClockPM Segments MSI]
[    0.364820] acpi PNP0A03:00: _OSC: platform does not support [PCIeCapability]
[    0.368397] acpi PNP0A03:00: _OSC: not requesting control; platform does not support [PCIeCapability]
[    0.372004] acpi PNP0A03:00: _OSC: OS requested [PCIeHotplug PME AER PCIeCapability]
[    0.376004] acpi PNP0A03:00: _OSC: platform willing to grant [PCIeHotplug PME AER]
[    0.384003] acpi PNP0A03:00: _OSC failed (AE_SUPPORT); disabling ASPM
[    0.388580] PCI host bridge to bus 0000:00
[    0.392004] pci_bus 0000:00: root bus resource [io  0x0000-0x0cf7 window]
[    0.396003] pci_bus 0000:00: root bus resource [io  0x0d00-0xffff window]
[    0.399379] pci_bus 0000:00: root bus resource [mem 0x000a0000-0x000bffff window]
[    0.400004] pci_bus 0000:00: root bus resource [mem 0x80000000-0xfdffffff window]
[    0.404003] pci_bus 0000:00: root bus resource [bus 00-ff]
[    0.413996] pci 0000:00:01.1: legacy IDE quirk: reg 0x10: [io  0x01f0-0x01f7]
[    0.416002] pci 0000:00:01.1: legacy IDE quirk: reg 0x14: [io  0x03f6]
[    0.420002] pci 0000:00:01.1: legacy IDE quirk: reg 0x18: [io  0x0170-0x0177]
[    0.424003] pci 0000:00:01.1: legacy IDE quirk: reg 0x1c: [io  0x0376]
[    0.442495] pci 0000:00:07.0: quirk: [io  0x4000-0x403f] claimed by PIIX4 ACPI
[    0.444019] pci 0000:00:07.0: quirk: [io  0x4100-0x410f] claimed by PIIX4 SMB
[    0.453570] ACPI: PCI Interrupt Link [LNKA] (IRQs 5 9 10 *11)
[    0.456458] ACPI: PCI Interrupt Link [LNKB] (IRQs 5 9 *10 11)
[    0.460165] ACPI: PCI Interrupt Link [LNKC] (IRQs 5 *9 10 11)
[    0.464171] ACPI: PCI Interrupt Link [LNKD] (IRQs 5 9 10 *11)
[    0.468721] SCSI subsystem initialized
[    0.472194] pci 0000:00:02.0: vgaarb: setting as boot VGA device
[    0.475486] pci 0000:00:02.0: vgaarb: VGA device added: decodes=io+mem,owns=io+mem,locks=none
[    0.480005] pci 0000:00:02.0: vgaarb: bridge control possible
[    0.483236] vgaarb: loaded
[    0.484055] ACPI: bus type USB registered
[    0.488038] usbcore: registered new interface driver usbfs
[    0.492011] usbcore: registered new interface driver hub
[    0.494750] usbcore: registered new device driver usb
[    0.496141] EDAC MC: Ver: 3.0.0
[    0.500164] PCI: Using ACPI for IRQ routing
[    0.502453] NetLabel: Initializing
[    0.504002] NetLabel:  domain hash size = 128
[    0.506204] NetLabel:  protocols = UNLABELED CIPSOv4 CALIPSO
[    0.508034] NetLabel:  unlabeled traffic allowed by default
[    0.512285] clocksource: Switched to clocksource kvm-clock
[    0.536054] VFS: Disk quotas dquot_6.6.0
[    0.541015] VFS: Dquot-cache hash table entries: 512 (order 0, 4096 bytes)
[    0.545735] AppArmor: AppArmor Filesystem Enabled
[    0.549086] pnp: PnP ACPI init
[    0.553648] pnp: PnP ACPI: found 3 devices
[    0.585856] clocksource: acpi_pm: mask: 0xffffff max_cycles: 0xffffff, max_idle_ns: 2085701024 ns
[    0.591518] NET: Registered protocol family 2
[    0.595942] IP idents hash table entries: 32768 (order: 6, 262144 bytes)
[    0.600554] TCP established hash table entries: 16384 (order: 5, 131072 bytes)
[    0.605142] TCP bind hash table entries: 16384 (order: 6, 262144 bytes)
[    0.609392] TCP: Hash tables configured (established 16384 bind 16384)
[    0.614103] UDP hash table entries: 1024 (order: 3, 32768 bytes)
[    0.618266] UDP-Lite hash table entries: 1024 (order: 3, 32768 bytes)
[    0.622540] NET: Registered protocol family 1
[    0.625516] pci 0000:00:00.0: Limiting direct PCI/PCI transfers
[    0.629411] pci 0000:00:01.0: Activating ISA DMA hang workarounds
[    0.632854] pci 0000:00:02.0: Video device with shadowed ROM at [mem 0x000c0000-0x000dffff]
[    0.638151] Unpacking initramfs...
[    0.742666] Freeing initrd memory: 19528K
[    0.990509] clocksource: tsc: mask: 0xffffffffffffffff max_cycles: 0x2f7a1e0ab89, max_idle_ns: 440795221397 ns
[    0.997623] platform rtc_cmos: registered platform RTC device (no PNP device found)
[    1.001863] Scanning for low memory corruption every 60 seconds
[    1.006617] Initialise system trusted keyrings
[    1.010021] Key type blacklist registered
[    1.013282] workingset: timestamp_bits=36 max_order=19 bucket_order=0
[    1.018196] zbud: loaded
[    1.020968] squashfs: version 4.0 (2009/01/31) Phillip Lougher
[    1.025423] fuse init (API version 7.26)
[    1.047979] Key type asymmetric registered
[    1.050842] Asymmetric key parser 'x509' registered
[    1.053981] Block layer SCSI generic (bsg) driver version 0.4 loaded (major 246)
[    1.058194] io scheduler noop registered
[    1.060840] io scheduler deadline registered
[    1.063504] io scheduler cfq registered (default)
[    1.067648] ACPI: AC Adapter [AC] (on-line)
[    1.070683] input: Power Button as /devices/LNXSYSTM:00/LNXPWRBN:00/input/input0
[    1.074842] ACPI: Power Button [PWRF]
[    1.077547] input: Sleep Button as /devices/LNXSYSTM:00/LNXSLPBN:00/input/input1
[    1.082375] ACPI: Sleep Button [SLPF]
[    1.086641] ACPI: Battery Slot [BAT0] (battery present)
[    1.089764] Serial: 8250/16550 driver, 32 ports, IRQ sharing enabled
[    1.118670] 00:02: ttyS0 at I/O 0x3f8 (irq = 4, base_baud = 115200) is a 16550A
[    1.136189] Linux agpgart interface v0.103
[    1.144684] loop: module loaded
[    1.147839] scsi host0: ata_piix
[    1.150176] scsi host1: ata_piix
[    1.152372] ata1: PATA max UDMA/33 cmd 0x1f0 ctl 0x3f6 bmdma 0xd000 irq 14
[    1.155718] ata2: PATA max UDMA/33 cmd 0x170 ctl 0x376 bmdma 0xd008 irq 15
[    1.158974] tun: Universal TUN/TAP device driver, 1.6
[    1.161815] PPP generic driver version 2.4.2
[    1.164239] ehci_hcd: USB 2.0 'Enhanced' Host Controller (EHCI) Driver
[    1.167160] ehci-pci: EHCI PCI platform driver
[    1.169476] ehci-platform: EHCI generic platform driver
[    1.171772] ohci_hcd: USB 1.1 'Open' Host Controller (OHCI) Driver
[    1.174758] ohci-pci: OHCI PCI platform driver
[    1.176819] ohci-platform: OHCI generic platform driver
[    1.179076] uhci_hcd: USB Universal Host Controller Interface driver
[    1.181952] i8042: PNP: PS/2 Controller [PNP0303:PS2K,PNP0f03:PS2M] at 0x60,0x64 irq 1,12
[    1.189418] serio: i8042 KBD port at 0x60,0x64 irq 1
[    1.191693] serio: i8042 AUX port at 0x60,0x64 irq 12
[    1.194729] mousedev: PS/2 mouse device common for all mice
[    1.198711] input: AT Translated Set 2 keyboard as /devices/platform/i8042/serio0/input/input2
[    1.201239] rtc_cmos rtc_cmos: rtc core: registered rtc_cmos as rtc0
[    1.207562] rtc_cmos rtc_cmos: alarms up to one day, 114 bytes nvram
[    1.211556] i2c /dev entries driver
[    1.214080] device-mapper: uevent: version 1.0.3
[    1.217329] device-mapper: ioctl: 4.37.0-ioctl (2017-09-20) initialised: dm-devel@redhat.com
[    1.221994] ledtrig-cpu: registered to indicate activity on CPUs
[    1.226233] NET: Registered protocol family 10
[    1.234479] Segment Routing with IPv6
[    1.236545] NET: Registered protocol family 17
[    1.238813] Key type dns_resolver registered
[    1.242094] mce: Using 0 MCE banks
[    1.244596] RAS: Correctable Errors collector initialized.
[    1.248260] sched_clock: Marking stable (1248224333, 0)->(1756864907, -508640574)
[    1.254407] registered taskstats version 1
[    1.256712] Loading compiled-in X.509 certificates
[    1.261879] Loaded X.509 cert 'Build time autogenerated kernel key: 449f52b446813ee48ad446aa51a5377584e80c28'
[    1.266482] Loaded X.509 cert 'Canonical Ltd. Live Patch Signing: 14df34d1a87cf37625abec039ef2bf521249b969'
[    1.271167] Loaded X.509 cert 'Canonical Ltd. Kernel Module Signing: 88f752e560a1e0737e31163a466ad7b70a850c19'
[    1.275981] blacklist: Loading compiled-in revocation X.509 certificates
[    1.279523] Loaded X.509 cert 'Canonical Ltd. Secure Boot Signing: 61482aa2830d0ab2ad5af10b7250da9033ddcef0'
[    1.284060] Loaded X.509 cert 'Canonical Ltd. Secure Boot Signing (2017): 242ade75ac4a15e50d50c84b0d45ff3eae707a03'
[    1.289858] Loaded X.509 cert 'Canonical Ltd. Secure Boot Signing (ESM 2018): 365188c1d374d6b07c3c8f240f8ef722433d6a8b'
[    1.296639] Loaded X.509 cert 'Canonical Ltd. Secure Boot Signing (2019): c0746fd6c5da3ae827864651ad66ae47fe24b3e8'
[    1.303303] Loaded X.509 cert 'Canonical Ltd. Secure Boot Signing (2021 v1): a8d54bbb3825cfb94fa13c9f8a594a195c107b8d'
[    1.310027] Loaded X.509 cert 'Canonical Ltd. Secure Boot Signing (2021 v2): 4cf046892d6fd3c9a5b03f98d845f90851dc6a8c'
[    1.316742] Loaded X.509 cert 'Canonical Ltd. Secure Boot Signing (2021 v3): 100437bb6de6e469b581e61cd66bce3ef4ed53af'
[    1.323221] Loaded X.509 cert 'Canonical Ltd. Secure Boot Signing (Ubuntu Core 2019): c1d57b8f6b743f23ee41f4f7ee292f06eecadfb9'
[    1.328351] zswap: loaded using pool lzo/zbud
[    1.365925] Key type big_key registered
[    1.368609] Key type trusted registered
[    1.373850] Key type encrypted registered
[    1.376653] AppArmor: AppArmor sha1 policy hashing enabled
[    1.379383] ima: No TPM chip found, activating TPM-bypass! (rc=-19)
[    1.383140] ima: Allocated hash algorithm: sha1
[    1.385271] evm: HMAC attrs: 0x1
[    1.388328]   Magic number: 11:600:481
[    1.390328] ata_device dev1.0: hash matches
[    1.392557]  dev1.0: hash matches
[    1.395199] rtc_cmos rtc_cmos: setting system clock to 2023-02-19 12:28:25 UTC (1676809705)
[    1.401149] BIOS EDD facility v0.16 2004-Jun-25, 0 devices found
[    1.403953] EDD information not available.
[    1.408960] Freeing unused kernel image memory: 2480K
[    1.430122] Write protecting the kernel read-only data: 20480k
[    1.433463] Freeing unused kernel image memory: 2008K
[    1.435873] Freeing unused kernel image memory: 1820K
[    1.441563] x86/mm: Checked W+X mappings: passed, no W+X pages found.
Loading, please wait...
starting version 237
[    1.504656] e1000: Intel(R) PRO/1000 Network Driver - version 7.3.21-k8-NAPI
[    1.509128] e1000: Copyright (c) 1999-2006 Intel Corporation.
[    1.513400] Fusion MPT base driver 3.04.20
[    1.516126] Copyright (c) 1999-2008 LSI Corporation
[    1.523191] Fusion MPT SPI Host driver 3.04.20
[    1.547214] SSE version of gcm_enc/dec engaged.
[    1.743152] input: ImExPS/2 Generic Explorer Mouse as /devices/platform/i8042/serio1/input/input4
[    2.059137] e1000 0000:00:03.0 eth0: (PCI:33MHz:32-bit) 02:1d:71:e8:cf:d1
[    2.062589] e1000 0000:00:03.0 eth0: Intel(R) PRO/1000 Network Connection
[    2.067018] mptbase: ioc0: Initiating bringup
[    2.505640] ioc0: LSI53C1030 A0: Capabilities={Initiator}
[    3.056226] scsi host2: ioc0: LSI53C1030 A0, FwRev=00000000h, Ports=1, MaxQ=256, IRQ=20
[    3.567707] scsi 2:0:0:0: Direct-Access     VBOX     HARDDISK         1.0  PQ: 0 ANSI: 5
[    3.604107] scsi target2:0:0: Beginning Domain Validation
[    3.612936] scsi target2:0:0: Domain Validation skipping write tests
[    3.616660] scsi target2:0:0: Ending Domain Validation
[    3.619924] scsi target2:0:0: asynchronous
[    3.624106] scsi 2:0:1:0: Direct-Access     VBOX     HARDDISK         1.0  PQ: 0 ANSI: 5
[    3.968812] scsi target2:0:1: Beginning Domain Validation
[    3.977976] scsi target2:0:1: Domain Validation skipping write tests
[    3.981500] scsi target2:0:1: Ending Domain Validation
[    3.984983] scsi target2:0:1: asynchronous
[    4.001356] sd 2:0:0:0: [sda] 83886080 512-byte logical blocks: (42.9 GB/40.0 GiB)
[    4.005976] sd 2:0:0:0: Attached scsi generic sg0 type 0
[    4.009476] sd 2:0:0:0: [sda] Write Protect is off
[    4.012387] sd 2:0:0:0: [sda] Incomplete mode parameter data
[    4.013201] sd 2:0:1:0: [sdb] 20480 512-byte logical blocks: (10.5 MB/10.0 MiB)
[    4.015838] sd 2:0:0:0: [sda] Assuming drive cache: write through
[    4.024920] sd 2:0:1:0: Attached scsi generic sg1 type 0
[    4.027532] sd 2:0:1:0: [sdb] Write Protect is off
[    4.032219] sd 2:0:1:0: [sdb] Incomplete mode parameter data
[    4.035795] sd 2:0:1:0: [sdb] Assuming drive cache: write through
[    4.046170]  sda: sda1
[    4.051729] sd 2:0:0:0: [sda] Attached SCSI disk
[    4.057153] sd 2:0:1:0: [sdb] Attached SCSI disk
[    4.122885] e1000 0000:00:08.0 eth1: (PCI:33MHz:32-bit) 08:00:27:83:7f:ba
[    4.126132] e1000 0000:00:08.0 eth1: Intel(R) PRO/1000 Network Connection
[    4.131660] e1000 0000:00:08.0 enp0s8: renamed from eth1
[    4.152776] e1000 0000:00:03.0 enp0s3: renamed from eth0
Begin: Loading essential drivers ... [  296.332085] INFO: rcu_sched detected stalls on CPUs/tasks:
[  296.332525] raid6: sse2x1   gen() 48843694 MB/s
[  296.337537] 	1-...!: (2 ticks this GP) idle=69e/140000000000000/0 softirq=1224/1225 fqs=2 
[  296.350720] 	(detected by 0, t=72624 jiffies, g=-176, c=-177, q=432)
[  296.357402] Sending NMI from CPU 0 to CPUs 1:
[  306.350577] rcu_sched kthread starved for 72619 jiffies! g18446744073709551440 c18446744073709551439 f0x0 RCU_GP_WAIT_FQS(3) ->state=0x402 ->cpu=0
[  306.359660] rcu_sched       I    0     8      2 0x80000000
[  306.362986] Call Trace:
[  306.364487]  __schedule+0x24e/0x890
[  306.366519]  schedule+0x2c/0x80
[  306.368550]  schedule_timeout+0x15d/0x370
[  306.370997]  ? __next_timer_interrupt+0xe0/0xe0
[  306.373452]  rcu_gp_kthread+0x53a/0x980
[  306.375693]  kthread+0x121/0x140
[  306.377518]  ? rcu_note_context_switch+0x150/0x150
[  306.380144]  ? kthread_create_worker_on_cpu+0x70/0x70
[  306.383281]  ret_from_fork+0x35/0x40
[  306.433450] raid6: sse2x1   xor() 11485 MB/s
[  306.484997] raid6: sse2x2   gen() 11641 MB/s
[  306.537126] raid6: sse2x2   xor() 12259 MB/s
[  306.588998] raid6: sse2x4   gen() 16094 MB/s
[  306.641055] raid6: sse2x4   xor()  8680 MB/s
[  306.643557] raid6: using algorithm sse2x1 gen() 48843694 MB/s
[  306.646949] raid6: .... xor() 11485 MB/s, rmw enabled
[  306.649896] raid6: using ssse3x2 recovery algorithm
[  306.655313] xor: measuring software checksum speed
[  306.754665]    prefetch64-sse: 39189.000 MB/sec
[  306.858502]    generic_sse: 39775.000 MB/sec
[  306.861167] xor: using function: generic_sse (39775.000 MB/sec)
[  306.866536] async_tx: api initialized (async)
done.
Begin: Running /scripts/init-premount ... done.
Begin: Mounting root file system ... Begin: Running /scripts/local-top ... done.
Begin: Running /scripts/local-premount ... [  306.919138] Btrfs loaded, crc32c=crc32c-intel
Scanning for Btrfs filesystems
done.
Warning: fsck not present, so skipping root file system
[  306.979407] EXT4-fs (sda1): mounted filesystem with ordered data mode. Opts: (null)
done.
Begin: Running /scripts/local-bottom ... done.
Begin: Running /scripts/init-bottom ... done.
[  307.214128] ip_tables: (C) 2000-2006 Netfilter Core Team
[  307.232495] systemd[1]: systemd 237 running in system mode. (+PAM +AUDIT +SELINUX +IMA +APPARMOR +SMACK +SYSVINIT +UTMP +LIBCRYPTSETUP +GCRYPT +GNUTLS +ACL +XZ +LZ4 +SECCOMP +BLKID +ELFUTILS +KMOD -IDN2 +IDN -PCRE2 default-hierarchy=hybrid)
[  307.244853] systemd[1]: Detected virtualization oracle.
[  307.247825] systemd[1]: Detected architecture x86-64.

Welcome to [1mUbuntu 18.04.6 LTS[0m!

[  307.271030] systemd[1]: Set hostname to <kubenode02>.
[  307.629631] systemd[1]: Reached target Mounting snaps.
[[0;32m  OK  [0m] Reached target Mounting snaps.
[  307.650601] systemd[1]: Created slice User and Session Slice.
[[0;32m  OK  [0m] Created slice User and Session Slice.
[  307.655493] systemd[1]: Started Forward Password Requests to Wall Directory Watch.
[[0;32m  OK  [0m] Started Forward Password Requests to Wall Directory Watch.
[  307.661994] systemd[1]: Set up automount Arbitrary Executable File Formats File System Automount Point.
[[0;32m  OK  [0m] Set up automount Arbitrary Executab…rmats File System Automount Point.
[  307.668940] systemd[1]: Reached target Swap.
[[0;32m  OK  [0m] Reached target Swap.
[  307.672329] systemd[1]: Reached target System Time Synchronized.
[[0;32m  OK  [0m] Reached target System Time Synchronized.
[[0;32m  OK  [0m] Created slice System Slice.
[[0;32m  OK  [0m] Listening on Journal Socket.
         Mounting Huge Pages File System...
         Starting Set the console keyboard layout...
         Mounting Kernel Debug File System...
         Starting Load Kernel Modules...
[[0;32m  OK  [0m] Reached target Slices.
[[0;32m  OK  [0m] Listening on udev Kernel Socket.
[[0;32m  OK  [0m] Listening on Syslog Socket.
[[0;32m  OK  [0m] Listening on Journal Socket (/dev/log).
[  307.708612] Loading iSCSI transport class v2.0-870.
[  307.717466] iscsi: registered transport (tcp)
[  307.736609] iscsi: registered transport (iser)
[[0;32m  OK  [0m] Listening on Device-mapper event daemon FIFOs.
[[0;32m  OK  [0m] Listening on fsck to fsckd communication Socket.
         Starting File System Check on Root Device...
         Starting Uncomplicated firewall...
[[0;32m  OK  [0m] Listening on LVM2 poll daemon socket.
[[0;32m  OK  [0m] Listening on Network Service Netlink Socket.
         Starting Create list of required st…ce nodes for the current kernel...
[[0;32m  OK  [0m] Created slice system-serial\x2dgetty.slice.
         Mounting POSIX Message Queue File System...
[[0;32m  OK  [0m] Listening on /dev/initctl Compatibility Named Pipe.
[[0;32m  OK  [0m] Listening on LVM2 metadata daemon socket.
         Starting Monitoring of LVM2 mirrors…ng dmeventd or progress polling...
[[0;32m  OK  [0m] Listening on udev Control Socket.
         Starting udev Coldplug all Devices...
[[0;32m  OK  [0m] Reached target User and Group Name Lookups.
[[0;32m  OK  [0m] Listening on Journal Audit Socket.
         Starting Journal Service...
[[0;32m  OK  [0m] Reached target Mounted snaps.
[[0;32m  OK  [0m] Mounted Huge Pages File System.
[[0;32m  OK  [0m] Mounted Kernel Debug File System.
[[0;32m  OK  [0m] Started Load Kernel Modules.
[[0;32m  OK  [0m] Mounted POSIX Message Queue File System.
[[0;32m  OK  [0m] Started File System Check Daemon to report status.
         Mounting Kernel Configuration File System...
         Starting Apply Kernel Variables...
         Mounting FUSE Control File System...
[[0;32m  OK  [0m] Started Uncomplicated firewall.
[[0;32m  OK  [0m] Started Create list of required sta…vice nodes for the current kernel.
[[0;32m  OK  [0m] Mounted FUSE Control File System.
[[0;32m  OK  [0m] Mounted Kernel Configuration File System.
         Starting Create Static Device Nodes in /dev...
[[0;32m  OK  [0m] Started File System Check on Root Device.
         Starting Remount Root and Kernel File Systems...
[[0;32m  OK  [0m] Started udev Coldplug all Devices.
[[0;32m  OK  [0m] Started Set the console keyboard layout.
[[0;32m  OK  [0m] Started Create Static Device Nodes in /dev.
[[0;32m  OK  [0m] Started Journal Service.
[[0;32m  OK  [0m] Started Apply Kernel Variables.
[[0;32m  OK  [0m] Started LVM2 metadata daemon.
[[0;32m  OK  [0m] Started Remount Root and Kernel File Systems.
         Starting Load/Save Random Seed...
         Starting Flush Journal to Persistent Storage...
         Starting udev Kernel Device Manager...
[[0;32m  OK  [0m] Started Monitoring of LVM2 mirrors,…sing dmeventd or progress polling.
[[0;32m  OK  [0m] Reached target Local File Systems (Pre).
[[0;32m  OK  [0m] Reached target Local File Systems.
         Starting Tell Plymouth To Write Out Runtime Data...
         Starting AppArmor initialization...
         Starting ebtables ruleset management...
         Starting Set console font and keymap...
[[0;32m  OK  [0m] Started Load/Save Random Seed.
[[0;32m  OK  [0m] Started Tell Plymouth To Write Out Runtime Data.
[[0;32m  OK  [0m] Started Set console font and keymap.
[[0;32m  OK  [0m] Started udev Kernel Device Manager.
[[0;32m  OK  [0m] Started Dispatch Password Requests to Console Directory Watch.
[[0;32m  OK  [0m] Reached target Local Encrypted Volumes.
[[0;32m  OK  [0m] Started Flush Journal to Persistent Storage.
         Starting Create Volatile Files and Directories...
[[0;32m  OK  [0m] Started Create Volatile Files and Directories.
         Starting Update UTMP about System Boot/Shutdown...
[[0;32m  OK  [0m] Started ebtables ruleset management.
[[0;32m  OK  [0m] Started Update UTMP about System Boot/Shutdown.
[[0;32m  OK  [0m] Found device /dev/ttyS0.
[[0;32m  OK  [0m] Listening on Load/Save RF Kill Switch Status /dev/rfkill Watch.
[[0;32m  OK  [0m] Started AppArmor initialization.
         Starting Initial cloud-init job (pre-networking)...
         Starting Load AppArmor profiles managed internally by snapd...
         Mounting Arbitrary Executable File Formats File System...
[[0;32m  OK  [0m] Mounted Arbitrary Executable File Formats File System.
[[0;32m  OK  [0m] Started Load AppArmor profiles managed internally by snapd.
[  310.291885] cloud-init[562]: Cloud-init v. 22.4.2-0ubuntu0~18.04.1 running 'init-local' at Sun, 19 Feb 2023 12:33:34 +0000. Up 310.11 seconds.
[[0;32m  OK  [0m] Started Initial cloud-init job (pre-networking).
[[0;32m  OK  [0m] Reached target Network (Pre).
         Starting Network Service...
[[0;32m  OK  [0m] Started Network Service.
         Starting Wait for Network to be Configured...
         Starting Network Name Resolution...
[[0;32m  OK  [0m] Started Network Name Resolution.
[[0;32m  OK  [0m] Reached target Network.
[[0;32m  OK  [0m] Reached target Host and Network Name Lookups.
[[0;32m  OK  [0m] Started Wait for Network to be Configured.
         Starting Initial cloud-init job (metadata service crawler)...
[  312.445692] cloud-init[674]: Cloud-init v. 22.4.2-0ubuntu0~18.04.1 running 'init' at Sun, 19 Feb 2023 12:33:36 +0000. Up 312.33 seconds.
[  312.453694] cloud-init[674]: ci-info: ++++++++++++++++++++++++++++++++++++++Net device info+++++++++++++++++++++++++++++++++++++++
[  312.458144] cloud-init[674]: ci-info: +--------+------+-----------------------------+---------------+--------+-------------------+
[  312.461980] cloud-init[674]: ci-info: | Device |  Up  |           Address           |      Mask     | Scope  |     Hw-Address    |
[  312.465885] cloud-init[674]: ci-info: +--------+------+-----------------------------+---------------+--------+-------------------+
[  312.470815] cloud-init[674]: ci-info: | enp0s3 | True |          10.0.2.15          | 255.255.255.0 | global | 02:1d:71:e8:cf:d1 |
[  312.474873] cloud-init[674]: ci-info: | enp0s3 | True |  fe80::1d:71ff:fee8:cfd1/64 |       .       |  link  | 02:1d:71:e8:cf:d1 |
[  312.478745] cloud-init[674]: ci-info: | enp0s8 | True |         192.168.56.4        | 255.255.255.0 | global | 08:00:27:83:7f:ba |
[  312.482650] cloud-init[674]: ci-info: | enp0s8 | True | fe80::a00:27ff:fe83:7fba/64 |       .       |  link  | 08:00:27:83:7f:ba |
[  312.486429] cloud-init[674]: ci-info: |   lo   | True |          127.0.0.1          |   255.0.0.0   |  host  |         .         |
[  312.490575] cloud-init[674]: ci-info: |   lo   | True |           ::1/128           |       .       |  host  |         .         |
[  312.494229] cloud-init[674]: ci-info: +--------+------+-----------------------------+---------------+--------+-------------------+
[  312.498472] cloud-init[674]: ci-info: +++++++++++++++++++++++++++++Route IPv4 info+++++++++++++++++++++++++++++
[  312.503568] cloud-init[674]: ci-info: +-------+--------------+----------+-----------------+-----------+-------+
[  312.505822] cloud-init[674]: ci-info: | Route | Destination  | Gateway  |     Genmask     | Interface | Flags |
[  312.507860] cloud-init[674]: ci-info: +-------+--------------+----------+-----------------+-----------+-------+
[  312.510170] cloud-init[674]: ci-info: |   0   |   0.0.0.0    | 10.0.2.2 |     0.0.0.0     |   enp0s3  |   UG  |
[  312.512040] cloud-init[674]: ci-info: |   1   |   10.0.2.0   | 0.0.0.0  |  255.255.255.0  |   enp0s3  |   U   |
[  312.513999] cloud-init[674]: ci-info: |   2   |   10.0.2.2   | 0.0.0.0  | 255.255.255.255 |   enp0s3  |   UH  |
[  312.515851] cloud-init[674]: ci-info: |   3   | 192.168.56.0 | 0.0.0.0  |  255.255.255.0  |   enp0s8  |   U   |
[  312.517787] cloud-init[674]: ci-info: +-------+--------------+----------+-----------------+-----------+-------+
[  312.519776] cloud-init[674]: ci-info: +++++++++++++++++++Route IPv6 info+++++++++++++++++++
[  312.521453] cloud-init[674]: ci-info: +-------+-------------+---------+-----------+-------+
[  312.523035] cloud-init[674]: ci-info: | Route | Destination | Gateway | Interface | Flags |
[  312.524776] cloud-init[674]: ci-info: +-------+-------------+---------+-----------+-------+
[  312.526403] cloud-init[674]: ci-info: |   1   |  fe80::/64  |    ::   |   enp0s8  |   U   |
[  312.527974] cloud-init[674]: ci-info: |   2   |  fe80::/64  |    ::   |   enp0s3  |   U   |
[  312.529867] cloud-init[674]: ci-info: |   4   |    local    |    ::   |   enp0s3  |   U   |
[  312.531455] cloud-init[674]: ci-info: |   5   |    local    |    ::   |   enp0s8  |   U   |
[  312.533073] cloud-init[674]: ci-info: |   6   |   ff00::/8  |    ::   |   enp0s8  |   U   |
[  312.534674] cloud-init[674]: ci-info: |   7   |   ff00::/8  |    ::   |   enp0s3  |   U   |
[  312.536405] cloud-init[674]: ci-info: +-------+-------------+---------+-----------+-------+
[[0;32m  OK  [0m] Started Initial cloud-init job (metadata service crawler).
[[0;32m  OK  [0m] Reached target Network is Online.
         Starting Availability of block devices...
[[0;32m  OK  [0m] Reached target Remote File Systems (Pre).
         Mounting /vagrant...
[[0;32m  OK  [0m] Reached target System Initialization.
[[0;32m  OK  [0m] Listening on cloud-init hotplug hook socket.
         Starting Docker Socket for the API.
         Starting LXD - unix socket.
[[0;32m  OK  [0m] Listening on Open-iSCSI iscsid Socket.
[[0;32m  OK  [0m] Started Message of the Day.
[[0;32m  OK  [0m] Started Ubuntu Advantage Timer for running repeated jobs.
         Starting Socket activation for snappy daemon.
[[0;32m  OK  [0m] Started ACPI Events Check.
[[0;32m  OK  [0m] Reached target Paths.
[[0;32m  OK  [0m] Listening on D-Bus System Message Bus Socket.
[[0;32m  OK  [0m] Started Daily apt download activities.
[[0;32m  OK  [0m] Started Daily apt upgrade and clean activities.
[[0;32m  OK  [0m] Started Daily Cleanup of Temporary Directories.
[[0;32m  OK  [0m] Listening on ACPID Listen Socket.
[[0;32m  OK  [0m] Started Discard unused blocks once a week.
[[0;32m  OK  [0m] Reached target Timers.
[[0;32m  OK  [0m] Listening on UUID daemon activation socket.
[[0;32m  OK  [0m] Reached target Cloud-config availability.
[[0;32m  OK  [0m] Started Availability of block devices.
[[0;32m  OK  [0m] Mounted /vagrant.
[[0;32m  OK  [0m] Listening on Docker Socket for the API.
[[0;32m  OK  [0m] Listening on LXD - unix socket.
[[0;32m  OK  [0m] Listening on Socket activation for snappy daemon.
[[0;32m  OK  [0m] Reached target Sockets.
[[0;32m  OK  [0m] Reached target Basic System.
         Starting containerd container runtime...
         Starting Message of the Day...
[[0;32m  OK  [0m] Started Regular background program processing daemon.
         Starting LSB: Record successful boot for GRUB...
[[0;32m  OK  [0m] Started D-Bus System Message Bus.
[[0;32m  OK  [0m] Started FUSE filesystem for LXC.
[[0;32m  OK  [0m] Started kubelet: The Kubernetes Node Agent.
         Starting LXD - container startup/shutdown...
         Starting Login Service...
[[0;32m  OK  [0m] Started Deferred execution scheduler.
         Starting Virtualbox guest utils...
         Starting Dispatcher daemon for systemd-networkd...
[[0;32m  OK  [0m] Reached target Login Prompts (Pre).
         Starting OpenBSD Secure Shell server...
[[0;32m  OK  [0m] Started irqbalance daemon.
         Starting Accounts Service...
         Starting Snap Daemon...
         Starting System Logging Service...
[[0;32m  OK  [0m] Reached target Remote File Systems.
         Starting Permit User Sessions...
         Starting LSB: automatic crash report generation...
[[0;32m  OK  [0m] Started Permit User Sessions.
[[0;32m  OK  [0m] Started Login Service.
[[0;32m  OK  [0m] Started Unattended Upgrades Shutdown.
         Starting Terminate Plymouth Boot Screen...
         Starting Hold until boot process finishes up...
[[0;32m  OK  [0m] Started Hold until boot process finishes up.
         Starting Set console scheme...
[[0;32m  OK  [0m] Started Serial Getty on ttyS0.
[[0;32m  OK  [0m] Started Terminate Plymouth Boot Screen.
[[0;32m  OK  [0m] Started LSB: Record successful boot for GRUB.
[[0;32m  OK  [0m] Started System Logging Service.
[[0;32m  OK  [0m] Started Set console scheme.
[[0;32m  OK  [0m] Created slice system-getty.slice.
[[0;32m  OK  [0m] Started Getty on tty1.
[[0;32m  OK  [0m] Reached target Login Prompts.
[[0;32m  OK  [0m] Started LSB: automatic crash report generation.
[[0;32m  OK  [0m] Started Virtualbox guest utils.
         Starting Authorization Manager...
[[0;32m  OK  [0m] Started OpenBSD Secure Shell server.
[[0;32m  OK  [0m] Started LXD - container startup/shutdown.
[[0;32m  OK  [0m] Started Authorization Manager.
[[0;32m  OK  [0m] Started Accounts Service.
[[0;32m  OK  [0m] Started Dispatcher daemon for systemd-networkd.
[[0;32m  OK  [0m] Started containerd container runtime.
         Starting Docker Application Container Engine...
[[0;32m  OK  [0m] Started Message of the Day.
[[0;32m  OK  [0m] Started Snap Daemon.
         Starting Wait until snapd is fully seeded...
         Starting Time & Date Service...
[[0;32m  OK  [0m] Started Time & Date Service.
[[0;32m  OK  [0m] Started Wait until snapd is fully seeded.
         Starting Apply the settings specified in cloud-config...
[  316.831495] cloud-init[1298]: Cloud-init v. 22.4.2-0ubuntu0~18.04.1 running 'modules:config' at Sun, 19 Feb 2023 12:56:44 +0000. Up 316.66 seconds.
[[0;32m  OK  [0m] Started Apply the settings specified in cloud-config.
[[0;32m  OK  [0m] Created slice libcontainer container kubepods.slice.
[[0;32m  OK  [0m] Created slice libcontainer container kubepods-burstable.slice.
[[0;32m  OK  [0m] Created slice libcontainer container kubepods-besteffort.slice.
[[0;32m  OK  [0m] Created slice libcontainer containe…9795_489c_8cab_a9b3b2d3505e.slice.
[[0;32m  OK  [0m] Created slice libcontainer containe…2880_4ad2_87ad_4bc7263bb093.slice.

Ubuntu 18.04.6 LTS kubenode02 ttyS0

kubenode02 login: [  320.007163] cloud-init[1713]: Cloud-init v. 22.4.2-0ubuntu0~18.04.1 running 'modules:final' at Sun, 19 Feb 2023 12:56:47 +0000. Up 319.62 seconds.
[  320.007335] cloud-init[1713]: Cloud-init v. 22.4.2-0ubuntu0~18.04.1 finished at Sun, 19 Feb 2023 12:56:48 +0000. Datasource DataSourceNoCloud [seed=/dev/sdb][dsmode=net].  Up 320.00 seconds
[[0;32m  OK  [0m] Stopped target Graphical Interface.
         Stopping Accounts Service...
         Stopping Session 5 of user vagrant.
         Stopping Authorization Manager...
[[0;32m  OK  [0m] Stopped target Host and Network Name Lookups.
[[0;32m  OK  [0m] Removed slice libcontainer containe…2880_4ad2_87ad_4bc7263bb093.slice.
[[0;32m  OK  [0m] Removed slice libcontainer container kubepods-besteffort.slice.
         Stopping Availability of block devices...
[[0;32m  OK  [0m] Removed slice libcontainer containe…9795_489c_8cab_a9b3b2d3505e.slice.
[[0;32m  OK  [0m] Removed slice libcontainer container kubepods-burstable.slice.
[[0;32m  OK  [0m] Removed slice libcontainer container kubepods.slice.
[[0;32m  OK  [0m] Closed Load/Save RF Kill Switch Status /dev/rfkill Watch.
[[0;32m  OK  [0m] Stopped target Cloud-init target.
[[0;32m  OK  [0m] Stopped Execute cloud user/final scripts.
[[0;32m  OK  [0m] Stopped target Multi-User System.
         Stopping LXD - container startup/shutdown...
[[0;32m  OK  [0m] Stopped target Login Prompts.
         Stopping Getty on tty1...
         Stopping Serial Getty on ttyS0...
         Stopping Docker Application Container Engine...
         Stopping irqbalance daemon...
         Stopping Virtualbox guest utils...
         Stopping OpenBSD Secure Shell server...
         Stopping kubelet: The Kubernetes Node Agent...
         Stopping LSB: automatic crash report generation...
         Stopping System Logging Service...
         Stopping LSB: Record successful boot for GRUB...
         Stopping Regular background program processing daemon...
         Stopping FUSE filesystem for LXC...
[[0;32m  OK  [0m] Stopped Apply the settings specified in cloud-config.
[[0;32m  OK  [0m] Stopped target Cloud-config availability.
[[0;32m  OK  [0m] Stopped Wait until snapd is fully seeded.
         Stopping Dispatcher daemon for systemd-networkd...
[[0;32m  OK  [0m] Stopped target Timers.
[[0;32m  OK  [0m] Stopped Message of the Day.
[[0;32m  OK  [0m] Stopped Discard unused blocks once a week.
[[0;32m  OK  [0m] Stopped Ubuntu Advantage Timer for running repeated jobs.
[[0;32m  OK  [0m] Stopped Daily Cleanup of Temporary Directories.
[[0;32m  OK  [0m] Stopped Daily apt upgrade and clean activities.
[[0;32m  OK  [0m] Stopped Daily apt download activities.
[[0;32m  OK  [0m] Stopped target System Time Synchronized.
         Stopping D-Bus System Message Bus...
         Stopping Deferred execution scheduler...
         Stopping User Manager for UID 1000...
         Stopping Unattended Upgrades Shutdown...
[[0;32m  OK  [0m] Unmounted /var/lib/lxcfs.
[[0;32m  OK  [0m] Stopped Regular background program processing daemon.
[[0;32m  OK  [0m] Stopped kubelet: The Kubernetes Node Agent.
[[0;32m  OK  [0m] Stopped Deferred execution scheduler.
[[0;32m  OK  [0m] Stopped Dispatcher daemon for systemd-networkd.
[[0;32m  OK  [0m] Stopped irqbalance daemon.
[[0;32m  OK  [0m] Stopped Accounts Service.
[[0;32m  OK  [0m] Stopped System Logging Service.
[[0;32m  OK  [0m] Stopped Serial Getty on ttyS0.
[[0;32m  OK  [0m] Stopped Getty on tty1.
[[0;32m  OK  [0m] Stopped Unattended Upgrades Shutdown.
[[0;32m  OK  [0m] Stopped OpenBSD Secure Shell server.
[[0;32m  OK  [0m] Stopped Authorization Manager.
[[0;32m  OK  [0m] Stopped Docker Application Container Engine.
[[0;32m  OK  [0m] Stopped User Manager for UID 1000.
[[0;32m  OK  [0m] Stopped Availability of block devices.
[[0;32m  OK  [0m] Stopped D-Bus System Message Bus.
[[0;32m  OK  [0m] Stopped FUSE filesystem for LXC.
[[0;32m  OK  [0m] Stopped Session 5 of user vagrant.
[[0;32m  OK  [0m] Stopped LXD - container startup/shutdown.
[[0;32m  OK  [0m] Removed slice User Slice of vagrant.
         Stopping containerd container runtime...
         Stopping Login Service...
[[0;32m  OK  [0m] Removed slice system-getty.slice.
[[0;32m  OK  [0m] Removed slice system-serial\x2dgetty.slice.
[[0;32m  OK  [0m] Stopped target Login Prompts (Pre).
         Stopping Permit User Sessions...
[[0;32m  OK  [0m] Stopped containerd container runtime.
[[0;32m  OK  [0m] Stopped Virtualbox guest utils.
[[0;32m  OK  [0m] Stopped LSB: automatic crash report generation.
[[0;32m  OK  [0m] Stopped LSB: Record successful boot for GRUB.
[[0;32m  OK  [0m] Stopped Permit User Sessions.
[[0;32m  OK  [0m] Stopped target Remote File Systems.
         Unmounting /vagrant...
[[0;32m  OK  [0m] Unmounted /vagrant.
[[0;32m  OK  [0m] Stopped target Remote File Systems (Pre).
[[0;32m  OK  [0m] Stopped target Network is Online.
[[0;32m  OK  [0m] Stopped target Network.
         Stopping Network Name Resolution...
[[0;32m  OK  [0m] Stopped Login Service.
[[0;32m  OK  [0m] Stopped target User and Group Name Lookups.
[[0;32m  OK  [0m] Stopped target Basic System.
[[0;32m  OK  [0m] Stopped target Paths.
[[0;32m  OK  [0m] Stopped ACPI Events Check.
[[0;32m  OK  [0m] Stopped target Sockets.
[[0;32m  OK  [0m] Closed Syslog Socket.
[[0;32m  OK  [0m] Closed ACPID Listen Socket.
[[0;32m  OK  [0m] Closed UUID daemon activation socket.
[[0;32m  OK  [0m] Closed Socket activation for snappy daemon.
[[0;32m  OK  [0m] Closed LXD - unix socket.
[[0;32m  OK  [0m] Closed Open-iSCSI iscsid Socket.
[[0;32m  OK  [0m] Closed D-Bus System Message Bus Socket.
[[0;32m  OK  [0m] Closed Docker Socket for the API.
[[0;32m  OK  [0m] Closed cloud-init hotplug hook socket.
[[0;32m  OK  [0m] Stopped target Slices.
[[0;32m  OK  [0m] Removed slice User and Session Slice.
[[0;32m  OK  [0m] Stopped target System Initialization.
         Stopping Update UTMP about System Boot/Shutdown...
[[0;32m  OK  [0m] Stopped Initial cloud-init job (metadata service crawler).
[[0;32m  OK  [0m] Stopped Wait for Network to be Configured.
[[0;32m  OK  [0m] Stopped target Local Encrypted Volumes.
[[0;32m  OK  [0m] Stopped Forward Password Requests to Wall Directory Watch.
[[0;32m  OK  [0m] Stopped Dispatch Password Requests to Console Directory Watch.
         Stopping Load/Save Random Seed...
[[0;32m  OK  [0m] Stopped Network Name Resolution.
[[0;32m  OK  [0m] Stopped Load/Save Random Seed.
         Stopping Network Service...
[[0;32m  OK  [0m] Stopped Update UTMP about System Boot/Shutdown.
[[0;32m  OK  [0m] Stopped Create Volatile Files and Directories.
[[0;32m  OK  [0m] Stopped target Local File Systems.
         Unmounting /var/lib/kubelet/pods/e1…projected/kube-api-access-w5w8s...
         Unmounting /run/user/1000...
         Unmounting /run/containerd/io.conta…712b38b4773a1fe9ff2fa39f/rootfs...
         Unmounting /run/containerd/io.conta…2da9915404bee4e21da6941af65/shm...
         Unmounting /var/lib/kubelet/pods/6a…projected/kube-api-access-xn7v8...
         Unmounting /run/containerd/io.conta…398c416076036ac17d83bbe3/rootfs...
         Unmounting /run/containerd/io.conta…7da1ddda30528c5cb7113294/rootfs...
         Unmounting /run/containerd/io.conta…9915404bee4e21da6941af65/rootfs...
         Unmounting /run/containerd/io.conta…389cd146c685679ba00afbbf/rootfs...
[[0;32m  OK  [0m] Stopped target Mounted snaps.
[[0;32m  OK  [0m] Stopped target Mounting snaps.
         Unmounting /run/containerd/io.conta…2b6389cd146c685679ba00afbbf/shm...
[[0;32m  OK  [0m] Unmounted /var/lib/kubelet/pods/e17…o~projected/kube-api-access-w5w8s.
[[0;32m  OK  [0m] Unmounted /run/user/1000.
[[0;32m  OK  [0m] Unmounted /run/containerd/io.contai…60712b38b4773a1fe9ff2fa39f/rootfs.
[[0;32m  OK  [0m] Unmounted /run/containerd/io.contai…6a2da9915404bee4e21da6941af65/shm.
[[0;32m  OK  [0m] Unmounted /var/lib/kubelet/pods/6ac…o~projected/kube-api-access-xn7v8.
[[0;32m  OK  [0m] Unmounted /run/containerd/io.contai…ac398c416076036ac17d83bbe3/rootfs.
[[0;32m  OK  [0m] Unmounted /run/containerd/io.contai…bf7da1ddda30528c5cb7113294/rootfs.
[[0;32m  OK  [0m] Stopped Network Service.
[[0;32m  OK  [0m] Unmounted /run/containerd/io.contai…da9915404bee4e21da6941af65/rootfs.
[[0;32m  OK  [0m] Unmounted /run/containerd/io.contai…b6389cd146c685679ba00afbbf/rootfs.
[[0;32m  OK  [0m] Unmounted /run/containerd/io.contai…7a2b6389cd146c685679ba00afbbf/shm.
[[0;32m  OK  [0m] Stopped Apply Kernel Variables.
[[0;32m  OK  [0m] Stopped Load Kernel Modules.
[[0;32m  OK  [0m] Stopped target Network (Pre).
[[0;32m  OK  [0m] Stopped Initial cloud-init job (pre-networking).
[[0;32m  OK  [0m] Reached target Unmount All Filesystems.
[[0;32m  OK  [0m] Stopped target Swap.
[[0;32m  OK  [0m] Stopped target Local File Systems (Pre).
         Stopping Monitoring of LVM2 mirrors…ng dmeventd or progress polling...
[[0;32m  OK  [0m] Stopped Create Static Device Nodes in /dev.
[[0;32m  OK  [0m] Stopped Remount Root and Kernel File Systems.
[[0;32m  OK  [0m] Reached target Shutdown.
[[0;32m  OK  [0m] Reached target Final Step.
         Starting Power-Off...
[[0;32m  OK  [0m] Stopped Monitoring of LVM2 mirrors,…sing dmeventd or progress polling.
         Stopping LVM2 metadata daemon...
[[0;32m  OK  [0m] Stopped LVM2 metadata daemon.
[18212.199086] reboot: Power down
ave RF Kill Switch Status /dev/rfkill Watch.
         Stopping Session 5 of user vagrant.
         Stopping User Manager for UID 1000...
[[0;32m  OK  [0m] Stopped target Timers.
[[0;32m  OK  [0m] Stopped Ubuntu Advantage Timer for running repeated jobs.
[[0;32m  OK  [0m] Removed slice libcontainer containe…a951_4973_bce6_b3adb5008384.slice.
[[0;32m  OK  [0m] Stopped Discard unused blocks once a week.
         Stopping Authorization Manager...
         Stopping Availability of block devices...
[[0;32m  OK  [0m] Stopped Message of the Day.
[[0;32m  OK  [0m] Stopped Daily Cleanup of Temporary Directories.
[[0;32m  OK  [0m] Stopped target Cloud-init target.
[[0;32m  OK  [0m] Stopped Execute cloud user/final scripts.
[[0;32m  OK  [0m] Stopped Apply the settings specified in cloud-config.
[[0;32m  OK  [0m] Stopped target Graphical Interface.
[[0;32m  OK  [0m] Stopped target Multi-User System.
         Stopping Dispatcher daemon for systemd-networkd...
         Stopping kubelet: The Kubernetes Node Agent...
         Stopping FUSE filesystem for LXC...
         Stopping Docker Application Container Engine...
[[0;32m  OK  [0m] Stopped target Login Prompts.
         Stopping Serial Getty on ttyS0...
         Stopping irqbalance daemon...
         Stopping Unattended Upgrades Shutdown...
         Stopping System Logging Service...
         Stopping D-Bus System Message Bus...
         Stopping LSB: automatic crash report generation...
         Stopping Accounts Service...
         Stopping LSB: Record successful boot for GRUB...
[[0;32m  OK  [0m] Removed slice libcontainer container kubepods-burstable.slice.
         Stopping Getty on tty1...
         Stopping Deferred execution scheduler...
[[0;32m  OK  [0m] Stopped Daily apt upgrade and clean activities.
[[0;32m  OK  [0m] Stopped Daily apt download activities.
[[0;32m  OK  [0m] Stopped target System Time Synchronized.
         Stopping Virtualbox guest utils...
[[0;32m  OK  [0m] Stopped target Host and Network Name Lookups.
[[0;32m  OK  [0m] Stopped target Cloud-config availability.
         Stopping OpenBSD Secure Shell server...
         Stopping Regular background program processing daemon...
[[0;32m  OK  [0m] Removed slice libcontainer containe…189d_4e09_bbd2_20c78eff4903.slice.
[[0;32m  OK  [0m] Removed slice libcontainer container kubepods-besteffort.slice.
[[0;32m  OK  [0m] Removed slice libcontainer container kubepods.slice.
[[0;32m  OK  [0m] Stopped Wait until snapd is fully seeded.
         Stopping LXD - container startup/shutdown...
[[0;32m  OK  [0m] Unmounted /var/lib/lxcfs.
[[0;32m  OK  [0m] Stopped Accounts Service.
[[0;32m  OK  [0m] Stopped Deferred execution scheduler.
[[0;32m  OK  [0m] Stopped System Logging Service.
[[0;32m  OK  [0m] Stopped Dispatcher daemon for systemd-networkd.
[[0;32m  OK  [0m] Stopped irqbalance daemon.
[[0;32m  OK  [0m] Stopped Unattended Upgrades Shutdown.
[[0;32m  OK  [0m] Stopped Regular background program processing daemon.
[[0;32m  OK  [0m] Stopped OpenBSD Secure Shell server.
[[0;32m  OK  [0m] Stopped Authorization Manager.
[[0;32m  OK  [0m] Stopped Serial Getty on ttyS0.
[[0;32m  OK  [0m] Stopped Getty on tty1.
[[0;32m  OK  [0m] Stopped Docker Application Container Engine.
[[0;32m  OK  [0m] Stopped kubelet: The Kubernetes Node Agent.
[[0;32m  OK  [0m] Stopped User Manager for UID 1000.
[[0;32m  OK  [0m] Stopped Availability of block devices.
[[0;32m  OK  [0m] Stopped D-Bus System Message Bus.
[[0;32m  OK  [0m] Stopped FUSE filesystem for LXC.
[[0;32m  OK  [0m] Stopped Session 5 of user vagrant.
[[0;32m  OK  [0m] Stopped LXD - container startup/shutdown.
[[0;32m  OK  [0m] Stopped LSB: automatic crash report generation.
[[0;32m  OK  [0m] Removed slice User Slice of vagrant.
         Stopping containerd container runtime...
[[0;32m  OK  [0m] Removed slice system-getty.slice.
[[0;32m  OK  [0m] Stopped target Login Prompts (Pre).
[[0;32m  OK  [0m] Removed slice system-serial\x2dgetty.slice.
         Stopping Permit User Sessions...
         Stopping Login Service...
[[0;32m  OK  [0m] Stopped containerd container runtime.
[[0;32m  OK  [0m] Stopped LSB: Record successful boot for GRUB.
[[0;32m  OK  [0m] Stopped Virtualbox guest utils.
[[0;32m  OK  [0m] Stopped Permit User Sessions.
[[0;32m  OK  [0m] Stopped target Remote File Systems.
         Unmounting /vagrant...
[[0;32m  OK  [0m] Unmounted /vagrant.
[[0;32m  OK  [0m] Stopped target Network is Online.
[[0;32m  OK  [0m] Stopped target Network.
         Stopping Network Name Resolution...
[[0;32m  OK  [0m] Stopped target Remote File Systems (Pre).
[[0;32m  OK  [0m] Stopped Network Name Resolution.
[[0;32m  OK  [0m] Stopped Login Service.
[[0;32m  OK  [0m] Stopped target Basic System.
[[0;32m  OK  [0m] Stopped target Paths.
[[0;32m  OK  [0m] Stopped ACPI Events Check.
[[0;32m  OK  [0m] Stopped target Sockets.
[[0;32m  OK  [0m] Closed Socket activation for snappy daemon.
[[0;32m  OK  [0m] Closed cloud-init hotplug hook socket.
[[0;32m  OK  [0m] Closed Syslog Socket.
[[0;32m  OK  [0m] Closed Docker Socket for the API.
[[0;32m  OK  [0m] Closed Open-iSCSI iscsid Socket.
[[0;32m  OK  [0m] Closed UUID daemon activation socket.
[[0;32m  OK  [0m] Closed ACPID Listen Socket.
[[0;32m  OK  [0m] Closed LXD - unix socket.
[[0;32m  OK  [0m] Stopped target Slices.
[[0;32m  OK  [0m] Removed slice User and Session Slice.
[[0;32m  OK  [0m] Stopped target User and Group Name Lookups.
[[0;32m  OK  [0m] Closed D-Bus System Message Bus Socket.
[[0;32m  OK  [0m] Stopped target System Initialization.
         Stopping Update UTMP about System Boot/Shutdown...
         Stopping Load/Save Random Seed...
[[0;32m  OK  [0m] Stopped Initial cloud-init job (metadata service crawler).
[[0;32m  OK  [0m] Stopped Wait for Network to be Configured.
         Stopping Network Service...
[[0;32m  OK  [0m] Stopped target Local Encrypted Volumes.
[[0;32m  OK  [0m] Stopped Forward Password Requests to Wall Directory Watch.
[[0;32m  OK  [0m] Stopped Dispatch Password Requests to Console Directory Watch.
[[0;32m  OK  [0m] Stopped Load/Save Random Seed.
[[0;32m  OK  [0m] Stopped Update UTMP about System Boot/Shutdown.
[[0;32m  OK  [0m] Stopped Create Volatile Files and Directories.
[[0;32m  OK  [0m] Stopped target Local File Systems.
         Unmounting /run/containerd/io.conta…10cbbcf18cdf89975058e854/rootfs...
         Unmounting /var/lib/kubelet/pods/83…projected/kube-api-access-hjlrh...
         Unmounting /run/user/1000...
         Unmounting /run/containerd/io.conta…66ff5b6ab4bafbbbe3587cfb/rootfs...
         Unmounting /run/containerd/io.conta…33510cbbcf18cdf89975058e854/shm...
[[0;32m  OK  [0m] Stopped target Mounted snaps.
[[0;32m  OK  [0m] Stopped target Mounting snaps.
         Unmounting /run/containerd/io.conta…066d8129047380ca928afa57/rootfs...
         Unmounting /var/lib/kubelet/pods/3e…projected/kube-api-access-fbfcj...
         Unmounting /run/containerd/io.conta…85e55a750037e69bbae4f9ce/rootfs...
         Unmounting /run/containerd/io.conta…b12ef2e697b43ea31a1cc004404/shm...
         Unmounting /run/containerd/io.conta…ef2e697b43ea31a1cc004404/rootfs...
[[0;32m  OK  [0m] Unmounted /run/containerd/io.contai…2466ff5b6ab4bafbbbe3587cfb/rootfs.
[[0;32m  OK  [0m] Unmounted /run/user/1000.
[[0;32m  OK  [0m] Unmounted /run/containerd/io.contai…0d33510cbbcf18cdf89975058e854/shm.
[[0;32m  OK  [0m] Unmounted /var/lib/kubelet/pods/3e1…o~projected/kube-api-access-fbfcj.
[[0;32m  OK  [0m] Unmounted /run/containerd/io.contai…21b12ef2e697b43ea31a1cc004404/shm.
[[0;32m  OK  [0m] Unmounted /run/containerd/io.contai…12ef2e697b43ea31a1cc004404/rootfs.
[[0;32m  OK  [0m] Unmounted /run/containerd/io.contai…1285e55a750037e69bbae4f9ce/rootfs.
[[0;32m  OK  [0m] Unmounted /run/containerd/io.contai…3510cbbcf18cdf89975058e854/rootfs.
[[0;32m  OK  [0m] Unmounted /run/containerd/io.contai…c9066d8129047380ca928afa57/rootfs.
[[0;32m  OK  [0m] Stopped Network Service.
[[0;32m  OK  [0m] Stopped target Network (Pre).
[[0;32m  OK  [0m] Stopped Initial cloud-init job (pre-networking).
[[0;32m  OK  [0m] Stopped Apply Kernel Variables.
[[0;32m  OK  [0m] Stopped Load Kernel Modules.
[[0;32m  OK  [0m] Unmounted /var/lib/kubelet/pods/839…o~projected/kube-api-access-hjlrh.
[[0;32m  OK  [0m] Reached target Unmount All Filesystems.
[[0;32m  OK  [0m] Stopped target Local File Systems (Pre).
[[0;32m  OK  [0m] Stopped Create Static Device Nodes in /dev.
[[0;32m  OK  [0m] Stopped Remount Root and Kernel File Systems.
         Stopping Monitoring of LVM2 mirrors…ng dmeventd or progress polling...
[[0;32m  OK  [0m] Stopped target Swap.
[[0;32m  OK  [0m] Reached target Shutdown.
[[0;32m  OK  [0m] Reached target Final Step.
         Starting Power-Off...
[25841.588262] reboot: Power down
[0;32m  OK  [0m] Unmounted /run/containerd/io.contai…c08e017796f5d31d3fb5f09f54/rootfs.
[[0;32m  OK  [0m] Unmounted /run/containerd/io.contai…7f58153a30b897e8fbb3c20c40/rootfs.
[[0;32m  OK  [0m] Unmounted /var/lib/kubelet/pods/2c3…o~projected/kube-api-access-tz9dr.
[[0;32m  OK  [0m] Stopped Network Service.
[[0;32m  OK  [0m] Unmounted /run/containerd/io.contai…c9c00730d7aad676ac485a1a44/rootfs.
[[0;32m  OK  [0m] Stopped Apply Kernel Variables.
[[0;32m  OK  [0m] Stopped Load Kernel Modules.
[[0;32m  OK  [0m] Stopped target Network (Pre).
[[0;32m  OK  [0m] Stopped Initial cloud-init job (pre-networking).
[[0;32m  OK  [0m] Stopped target Swap.
[[0;32m  OK  [0m] Reached target Unmount All Filesystems.
[[0;32m  OK  [0m] Stopped target Local File Systems (Pre).
         Stopping Monitoring of LVM2 mirrors…ng dmeventd or progress polling...
[[0;32m  OK  [0m] Stopped Create Static Device Nodes in /dev.
[[0;32m  OK  [0m] Stopped Remount Root and Kernel File Systems.
[[0;32m  OK  [0m] Reached target Shutdown.
[[0;32m  OK  [0m] Reached target Final Step.
         Starting Power-Off...
[26544.029504] reboot: Power down
